2021-09-28 11:13:00 [scrapy] DEBUG: Redirecting (301) to <GET https://www.onet.pl/robots.txt> from <GET https://onet.pl/robots.txt>
2021-09-28 11:13:00 [scrapy] DEBUG: Crawled (200) <GET https://www.onet.pl/robots.txt> (referer: None)
2021-09-28 11:13:00 [scrapy] DEBUG: Redirecting (301) to <GET https://www.onet.pl/> from <GET https://onet.pl>
2021-09-28 11:13:00 [scrapy] DEBUG: Crawled (200) <GET https://www.onet.pl/robots.txt> (referer: None)
2021-09-28 11:13:01 [scrapy] DEBUG: Crawled (200) <GET https://www.onet.pl/> (referer: None)
2021-09-28 11:13:01 [scrapy] INFO: Closing spider (finished)
2021-09-28 11:13:01 [scrapy] INFO: Dumping Scrapy stats:
{'downloader/request_bytes': 1199,
 'downloader/request_count': 5,
 'downloader/request_method_count/GET': 5,
 'downloader/response_bytes': 183029,
 'downloader/response_count': 5,
 'downloader/response_status_count/200': 3,
 'downloader/response_status_count/301': 2,
 'elapsed_time_seconds': 1.302196,
 'finish_reason': 'finished',
 'finish_time': datetime.datetime(2021, 9, 28, 9, 13, 1, 958295),
 'httpcompression/response_bytes': 822934,
 'httpcompression/response_count': 1,
 'log_count/DEBUG': 5,
 'log_count/INFO': 7,
 'memusage/max': 57851904,
 'memusage/startup': 57851904,
 'response_received_count': 3,
 'robotstxt/request_count': 2,
 'robotstxt/response_count': 2,
 'robotstxt/response_status_count/200': 2,
 'scheduler/dequeued': 2,
 'scheduler/dequeued/memory': 2,
 'scheduler/enqueued': 2,
 'scheduler/enqueued/memory': 2,
 'start_time': datetime.datetime(2021, 9, 28, 9, 13, 0, 656099)}
2021-09-28 11:13:01 [scrapy] INFO: Spider closed (finished)
