2021-09-28 11:12:19 [scrapy] DEBUG: Crawled (200) <GET https://www.autocentrum.pl/robots.txt> (referer: None)
2021-09-28 11:12:19 [scrapy] DEBUG: Crawled (200) <GET https://www.autocentrum.pl/paliwa/ceny-paliw/> (referer: None)
2021-09-28 11:12:19 [scrapy] DEBUG: Scraped from <200 https://www.autocentrum.pl/paliwa/ceny-paliw/>
{'fuel_header': '95', 'price': '5,79 zł'}
2021-09-28 11:12:19 [scrapy] DEBUG: Scraped from <200 https://www.autocentrum.pl/paliwa/ceny-paliw/>
{'fuel_header': '98', 'price': '5,93 zł'}
2021-09-28 11:12:19 [scrapy] DEBUG: Scraped from <200 https://www.autocentrum.pl/paliwa/ceny-paliw/>
{'fuel_header': 'ON', 'price': '5,63 zł'}
2021-09-28 11:12:19 [scrapy] DEBUG: Scraped from <200 https://www.autocentrum.pl/paliwa/ceny-paliw/>
{'fuel_header': 'ON+', 'price': '5,87 zł'}
2021-09-28 11:12:19 [scrapy] DEBUG: Scraped from <200 https://www.autocentrum.pl/paliwa/ceny-paliw/>
{'fuel_header': 'LPG', 'price': '2,86 zł'}
2021-09-28 11:12:19 [scrapy] INFO: Closing spider (finished)
2021-09-28 11:12:19 [scrapy] INFO: Stored csv feed (5 items) in: fuelprices.csv
2021-09-28 11:12:19 [scrapy] INFO: Dumping Scrapy stats:
{'downloader/request_bytes': 464,
 'downloader/request_count': 2,
 'downloader/request_method_count/GET': 2,
 'downloader/response_bytes': 72173,
 'downloader/response_count': 2,
 'downloader/response_status_count/200': 2,
 'elapsed_time_seconds': 0.275862,
 'feedexport/success_count/FileFeedStorage': 1,
 'finish_reason': 'finished',
 'finish_time': datetime.datetime(2021, 9, 28, 9, 12, 19, 995033),
 'httpcompression/response_bytes': 242905,
 'httpcompression/response_count': 1,
 'item_scraped_count': 5,
 'log_count/DEBUG': 7,
 'log_count/INFO': 8,
 'memusage/max': 53964800,
 'memusage/startup': 53964800,
 'response_received_count': 2,
 'robotstxt/request_count': 1,
 'robotstxt/response_count': 1,
 'robotstxt/response_status_count/200': 1,
 'scheduler/dequeued': 1,
 'scheduler/dequeued/memory': 1,
 'scheduler/enqueued': 1,
 'scheduler/enqueued/memory': 1,
 'start_time': datetime.datetime(2021, 9, 28, 9, 12, 19, 719171)}
2021-09-28 11:12:19 [scrapy] INFO: Spider closed (finished)
